Version 1.1 15-02-04-14:16

Thu Feb 11 01:05:53 2016

Cavity search begining ...
Now reading parameters from './resultCavity/s3/3s3r/3s3r_A_cavity.in' ... 
readin ./resultCavity/s3/3s3r/3s3r_A_cavity.in
readin ./default/cavitydefault.input
readin ./default/standard.input
Search Rule : Depth-Volume Limit ...
Search Mode : Whole Protein Mode ...
Now reading the protein from './resultCavity/s3/3s3r/3s3r_A.pdb' ... 
Detecting chain : A
Protein checking: Pass 
Now defining the box by protein ...
Now analyzing the protein ... 
Now detecting cavity in the box ...
Whole protein search need more time, please wait ...
Cavity matrix dectecting completed.
Total matrix num is 3
Rank score limit skipped 2 cavities...
Total valid cavity num is 11                        
Cavity will output 11 cavity file(s)
Cavity  has done the job successfully !

Thu Feb 11 01:08:36 2016

CAVITY finished in  155.04 seconds
