     HIS	  A	       1	    113.93	     74.74	    188.68	    1.0344	     369	    182.40
     MET	  A	       2	     24.47	     12.05	     36.52	    0.1597	     648	    228.70
     PHE	  A	       3	     34.86	      3.21	     38.07	    0.2222	     966	    171.30
     VAL	  A	       4	     13.21	      2.20	     15.41	    0.1008	     696	    152.90
     LYS	  A	       5	     10.78	      7.66	     18.44	    0.0803	     912	    229.70
     ILE	  A	       6	     17.83	      2.92	     20.75	    0.1216	     771	    170.60
     CYS	  A	       7	     20.58	      4.95	     25.53	    0.1762	     513	    144.90
     GLY	  A	       8	     11.33	      6.95	     18.28	    0.1508	     353	    121.20
     ILE	  A	       9	     11.87	      4.82	     16.69	    0.0978	     810	    170.60
     LYS	  A	      10	     30.32	     27.53	     57.85	    0.2519	     614	    229.70
     SER	  A	      11	     19.98	      9.96	     29.94	    0.2062	     444	    145.20
     LEU	  A	      12	     49.60	      4.16	     53.77	    0.3422	     582	    157.10
     GLU	  A	      13	     51.51	     65.43	    116.94	    0.5806	     441	    201.40
     GLU	  A	      14	      7.74	      9.01	     16.74	    0.0831	     730	    201.40
     LEU	  A	      15	     11.82	      1.84	     13.65	    0.0869	     734	    157.10
     GLU	  A	      16	     32.63	     60.79	     93.42	    0.4639	     503	    201.40
     ILE	  A	      17	     26.05	      4.24	     30.29	    0.1776	     595	    170.60
     VAL	  A	      18	     13.43	      3.41	     16.85	    0.1102	     543	    152.90
     GLU	  A	      19	     11.65	     28.57	     40.22	    0.1997	     587	    201.40
     LYS	  A	      20	     93.72	     49.42	    143.14	    0.6232	     370	    229.70
     HIS	  A	      21	     55.73	     44.04	     99.76	    0.5469	     505	    182.40
     ALA	  A	      22	     11.26	     10.51	     21.77	    0.1509	     351	    144.30
     ASP	  A	      23	      9.85	     30.30	     40.15	    0.2700	     457	    148.70
     ALA	  A	      24	      7.97	      3.09	     11.06	    0.0767	     401	    144.30
     THR	  A	      25	     12.05	      6.87	     18.92	    0.1240	     558	    152.60
     GLY	  A	      26	      6.65	      5.01	     11.66	    0.0962	     334	    121.20
     VAL	  A	      27	     17.51	      3.02	     20.52	    0.1342	     639	    152.90
     VAL	  A	      28	     22.59	      3.74	     26.32	    0.1722	     632	    152.90
     VAL	  A	      29	     18.07	      3.35	     21.42	    0.1401	     648	    152.90
     ASN	  A	      30	     20.30	     56.65	     76.95	    0.4962	     455	    155.10
     SER	  A	      31	     13.83	     10.48	     24.31	    0.1674	     423	    145.20
     ASN	  A	      32	     59.88	    117.42	    177.31	    1.1432	     255	    155.10
     SER	  A	      33	     19.39	     16.10	     35.49	    0.2444	     342	    145.20
     LYS	  A	      34	    158.66	     69.24	    227.90	    0.9922	     291	    229.70
     ARG	  A	      35	     22.45	     20.98	     43.44	    0.1580	     674	    274.90
     ARG	  A	      36	     33.62	     67.00	    100.62	    0.3660	     518	    274.90
     ILE	  A	      37	     15.96	      7.90	     23.85	    0.1398	     563	    170.60
     PRO	  A	      38	     82.27	      3.86	     86.14	    0.5208	     380	    165.40
     LEU	  A	      39	     48.65	      4.20	     52.85	    0.3364	     570	    157.10
     GLU	  A	      40	     35.31	     28.69	     64.01	    0.3178	     563	    201.40
     LYS	  A	      41	     32.69	     23.85	     56.54	    0.2461	     594	    229.70
     ALA	  A	      42	      9.86	      2.18	     12.03	    0.0834	     442	    144.30
     ARG	  A	      43	     20.51	     42.59	     63.10	    0.2295	     735	    274.90
     GLU	  A	      44	     12.11	     27.04	     39.14	    0.1944	     572	    201.40
     ILE	  A	      45	     11.99	      2.05	     14.04	    0.0823	     634	    170.60
     ILE	  A	      46	     22.42	      7.46	     29.88	    0.1752	     617	    170.60
     GLU	  A	      47	     25.38	     60.57	     85.94	    0.4267	     410	    201.40
     ASN	  A	      48	     15.46	     60.06	     75.53	    0.4870	     338	    155.10
     SER	  A	      49	      9.79	     20.33	     30.12	    0.2074	     362	    145.20
     ALA	  A	      50	     57.09	     26.79	     83.88	    0.5813	     190	    144.30
     ILE	  A	      51	     20.62	      7.14	     27.76	    0.1627	     479	    170.60
     PRO	  A	      52	     34.73	      3.04	     37.77	    0.2284	     451	    165.40
     VAL	  A	      53	     14.10	      4.23	     18.32	    0.1198	     514	    152.90
     PHE	  A	      54	     12.50	      3.07	     15.58	    0.0909	    1058	    171.30
     LEU	  A	      55	     18.99	      2.15	     21.14	    0.1345	     709	    157.10
     VAL	  A	      56	     20.57	      2.81	     23.38	    0.1529	     519	    152.90
     SER	  A	      57	      5.35	      5.04	     10.38	    0.0715	     542	    145.20
     THR	  A	      58	     35.17	     21.56	     56.73	    0.3718	     442	    152.60
     MET	  A	      59	     12.99	      5.03	     18.03	    0.0788	     681	    228.70
     VAL	  A	      60	     57.35	      8.04	     65.39	    0.4277	     436	    152.90
     GLY	  A	      61	     18.55	      6.58	     25.13	    0.2074	     302	    121.20
     PHE	  A	      62	     52.39	      3.78	     56.17	    0.3279	     799	    171.30
     SER	  A	      63	     32.88	     27.17	     60.04	    0.4135	     316	    145.20
     GLU	  A	      64	     21.78	     36.16	     57.94	    0.2877	     501	    201.40
     TRP	  A	      65	     19.21	      4.16	     23.37	    0.1192	    1176	    196.10
     ALA	  A	      66	      9.47	      1.77	     11.24	    0.0779	     457	    144.30
     MET	  A	      67	     54.73	      3.44	     58.17	    0.2544	     531	    228.70
     ALA	  A	      68	     12.21	      2.78	     14.98	    0.1038	     412	    144.30
     ILE	  A	      69	     14.23	      2.80	     17.03	    0.0998	     680	    170.60
     GLU	  A	      70	     22.95	     50.27	     73.21	    0.3635	     452	    201.40
     ARG	  A	      71	     29.88	     72.82	    102.70	    0.3736	     447	    274.90
     THR	  A	      72	     10.27	     10.11	     20.38	    0.1336	     425	    152.60
     GLY	  A	      73	     26.20	     18.21	     44.41	    0.3664	     176	    121.20
     ALA	  A	      74	     13.04	     11.40	     24.43	    0.1693	     307	    144.30
     GLN	  A	      75	     45.33	    101.27	    146.61	    0.7048	     440	    208.00
     TYR	  A	      76	     23.72	     33.17	     56.89	    0.2768	     796	    205.50
     ILE	  A	      77	     12.64	      1.74	     14.38	    0.0843	     724	    170.60
     GLN	  A	      78	      7.59	     26.40	     33.99	    0.1634	     658	    208.00
     VAL	  A	      79	     15.72	      3.93	     19.65	    0.1285	     591	    152.90
     HIS	  A	      80	     73.36	     45.42	    118.78	    0.6512	     488	    182.40
     SER	  A	      81	     12.19	     12.62	     24.81	    0.1709	     374	    145.20
     ASN	  A	      82	     43.51	    102.98	    146.48	    0.9445	     298	    155.10
     ALA	  A	      83	     14.39	      5.99	     20.39	    0.1413	     374	    144.30
     LEU	  A	      84	     93.36	      3.44	     96.80	    0.6162	     526	    157.10
     PRO	  A	      85	     20.24	      3.43	     23.67	    0.1431	     613	    165.40
     GLN	  A	      86	     49.27	     58.32	    107.59	    0.5173	     433	    208.00
     THR	  A	      87	     11.63	     10.55	     22.18	    0.1453	     498	    152.60
     ILE	  A	      88	     19.97	      2.45	     22.42	    0.1314	     685	    170.60
     ASP	  A	      89	     16.58	     46.01	     62.59	    0.4209	     520	    148.70
     THR	  A	      90	     30.01	     17.15	     47.16	    0.3091	     478	    152.60
     LEU	  A	      91	     11.92	      1.79	     13.71	    0.0873	     671	    157.10
     LYS	  A	      92	     24.91	     22.01	     46.92	    0.2043	     713	    229.70
     LYS	  A	      93	     68.50	     47.10	    115.60	    0.5033	     370	    229.70
     GLU	  A	      94	     24.97	     48.89	     73.86	    0.3667	     414	    201.40
     PHE	  A	      95	     29.06	     17.98	     47.04	    0.2746	     591	    171.30
     GLY	  A	      96	     26.26	     23.75	     50.01	    0.4126	     167	    121.20
     VAL	  A	      97	     13.92	      6.20	     20.13	    0.1316	     444	    152.90
     PHE	  A	      98	     35.72	      2.68	     38.40	    0.2242	     775	    171.30
     VAL	  A	      99	     14.08	      1.97	     16.05	    0.1050	     577	    152.90
     MET	  A	     100	     14.50	      3.46	     17.96	    0.0785	     683	    228.70
     LYS	  A	     101	     13.33	      7.59	     20.92	    0.0911	     744	    229.70
     ALA	  A	     102	     12.27	      6.14	     18.41	    0.1276	     396	    144.30
     PHE	  A	     103	     17.42	      3.56	     20.98	    0.1225	    1015	    171.30
     ARG	  A	     104	     45.41	     95.12	    140.53	    0.5112	     570	    274.90
     VAL	  A	     105	     21.04	      7.31	     28.35	    0.1854	     555	    152.90
     PRO	  A	     106	     52.04	      8.09	     60.13	    0.3635	     449	    165.40
     THR	  A	     107	     74.69	     47.46	    122.16	    0.8005	     318	    152.60
     ILE	  A	     108	    118.77	     11.38	    130.15	    0.7629	     323	    170.60
     SER	  A	     109	     16.81	     24.41	     41.22	    0.2839	     380	    145.20
     LYS	  A	     110	     24.04	     23.50	     47.54	    0.2070	     143	    229.70
     ASN	  A	     111	     18.10	     49.41	     67.50	    0.4352	     471	    155.10
     PRO	  A	     112	     38.92	      2.70	     41.62	    0.2516	     537	    165.40
     GLU	  A	     113	     43.28	     54.36	     97.64	    0.4848	     498	    201.40
     GLU	  A	     114	     37.98	     49.81	     87.79	    0.4359	     448	    201.40
     ASP	  A	     115	     12.00	     37.74	     49.73	    0.3345	     500	    148.70
     ALA	  A	     116	      7.96	      2.81	     10.77	    0.0746	     459	    144.30
     ASN	  A	     117	     17.76	     57.77	     75.53	    0.4870	     431	    155.10
     ARG	  A	     118	     56.89	    114.70	    171.59	    0.6242	     515	    274.90
     LEU	  A	     119	     21.61	      1.87	     23.48	    0.1495	     666	    157.10
     LEU	  A	     120	     22.09	      3.92	     26.01	    0.1655	     616	    157.10
     SER	  A	     121	     33.42	     19.38	     52.81	    0.3637	     328	    145.20
     GLU	  A	     122	     20.01	     33.96	     53.97	    0.2680	     558	    201.40
     ILE	  A	     123	     17.70	      3.45	     21.16	    0.1240	     575	    170.60
     SER	  A	     124	     35.91	     34.15	     70.06	    0.4825	     270	    145.20
     ARG	  A	     125	     35.21	     86.95	    122.16	    0.4444	     484	    274.90
     TYR	  A	     126	     16.67	     19.69	     36.36	    0.1769	     718	    205.50
     ASN	  A	     127	     36.67	     72.44	    109.11	    0.7035	     306	    155.10
     ALA	  A	     128	     15.82	     20.01	     35.83	    0.2483	     293	    144.30
     ASP	  A	     129	     10.14	     35.52	     45.66	    0.3071	     381	    148.70
     MET	  A	     130	     25.36	      4.96	     30.33	    0.1326	     544	    228.70
     VAL	  A	     131	     17.80	      2.93	     20.73	    0.1356	     563	    152.90
     LEU	  A	     132	     17.98	      2.22	     20.20	    0.1286	     673	    157.10
     LEU	  A	     133	     16.65	      3.34	     20.00	    0.1273	     683	    157.10
     ASP	  A	     134	     12.94	     27.63	     40.57	    0.2728	     482	    148.70
     THR	  A	     135	     53.86	     32.09	     85.95	    0.5632	     344	    152.60
     HIS	  A	     136	     18.42	     29.47	     47.89	    0.2626	     138	    182.40
     ASP	  A	     137	     18.23	     30.39	     48.63	    0.3270	     467	    148.70
     LEU	  A	     138	     52.28	      5.08	     57.36	    0.3651	     523	    157.10
     ARG	  A	     139	     47.93	     70.99	    118.92	    0.4326	     561	    274.90
     VAL	  A	     140	     16.77	      2.56	     19.34	    0.1265	     523	    152.90
     SER	  A	     141	     11.98	     13.23	     25.21	    0.1736	     439	    145.20
     SER	  A	     142	      8.09	      9.16	     17.25	    0.1188	     480	    145.20
     LEU	  A	     143	     30.46	      4.09	     34.55	    0.2199	     524	    157.10
     VAL	  A	     144	     13.78	      1.95	     15.73	    0.1029	     546	    152.90
     ALA	  A	     145	      9.21	      8.41	     17.62	    0.1221	     422	    144.30
     ARG	  A	     146	     57.49	    141.99	    199.48	    0.7256	     376	    274.90
     LYS	  A	     147	     89.34	     73.20	    162.53	    0.7076	     335	    229.70
     ILE	  A	     148	     37.82	      4.53	     42.36	    0.2483	     446	    170.60
     PRO	  A	     149	     79.25	      6.17	     85.42	    0.5164	     338	    165.40
     VAL	  A	     150	     11.63	      2.66	     14.29	    0.0934	     573	    152.90
     ILE	  A	     151	     11.28	      2.13	     13.41	    0.0786	     672	    170.60
     VAL	  A	     152	     25.48	      3.04	     28.52	    0.1865	     556	    152.90
     ALA	  A	     153	     17.62	      6.74	     24.36	    0.1688	     337	    144.30
     GLY	  A	     154	     27.92	     20.82	     48.74	    0.4021	     178	    121.20
     GLY	  A	     155	     50.11	     25.98	     76.09	    0.6278	     159	    121.20
     LEU	  A	     156	     18.06	      7.89	     25.95	    0.1652	     655	    157.10
     ASN	  A	     157	     10.46	     33.45	     43.91	    0.2831	     594	    155.10
     ALA	  A	     158	     14.14	      6.12	     20.26	    0.1404	     450	    144.30
     GLU	  A	     159	     49.46	     72.45	    121.91	    0.6053	     386	    201.40
     ASN	  A	     160	     14.96	     23.26	     38.22	    0.2464	     488	    155.10
     VAL	  A	     161	     10.32	      2.26	     12.57	    0.0822	     646	    152.90
     GLU	  A	     162	     22.32	     41.83	     64.15	    0.3185	     635	    201.40
     GLU	  A	     163	     44.94	     48.06	     93.00	    0.4618	     514	    201.40
     VAL	  A	     164	     28.58	      2.26	     30.84	    0.2017	     500	    152.90
     ILE	  A	     165	     18.59	      2.59	     21.18	    0.1242	     669	    170.60
     LYS	  A	     166	     58.08	     29.51	     87.59	    0.3813	     470	    229.70
     VAL	  A	     167	     45.52	      7.93	     53.45	    0.3496	     381	    152.90
     VAL	  A	     168	     12.95	      4.03	     16.98	    0.1111	     462	    152.90
     LYS	  A	     169	     94.07	     39.52	    133.59	    0.5816	     356	    229.70
     PRO	  A	     170	     17.48	     10.79	     28.28	    0.1710	     421	    165.40
     TYR	  A	     171	     68.08	     37.34	    105.42	    0.5130	     546	    205.50
     GLY	  A	     172	      4.72	      3.43	      8.15	    0.0672	     262	    121.20
     VAL	  A	     173	     16.97	      3.00	     19.96	    0.1306	     491	    152.90
     ASP	  A	     174	      8.11	     21.28	     29.39	    0.1977	     478	    148.70
     VAL	  A	     175	     12.75	      3.60	     16.35	    0.1069	     514	    152.90
     SER	  A	     176	     20.29	     11.86	     32.16	    0.2215	     387	    145.20
     SER	  A	     177	     46.10	     41.79	     87.89	    0.6053	     284	    145.20
     GLY	  A	     178	     16.84	     15.15	     31.99	    0.2639	     237	    121.20
     VAL	  A	     179	     11.67	      2.91	     14.58	    0.0954	     643	    152.90
     GLU	  A	     180	      7.05	     25.28	     32.33	    0.1605	     658	    201.40
     LYS	  A	     181	     64.94	     45.34	    110.28	    0.4801	     514	    229.70
     TYR	  A	     182	    143.96	     70.52	    214.48	    1.0437	     372	    205.50
     GLY	  A	     183	     22.61	     15.26	     37.87	    0.3124	     181	    121.20
     ILE	  A	     184	     85.60	      3.06	     88.66	    0.5197	     392	    170.60
     LYS	  A	     185	     13.59	     10.75	     24.34	    0.1060	     581	    229.70
     ASP	  A	     186	      6.96	     18.76	     25.72	    0.1730	     571	    148.70
     PRO	  A	     187	     61.19	      5.10	     66.29	    0.4008	     395	    165.40
     LYS	  A	     188	    129.33	     60.78	    190.11	    0.8277	     404	    229.70
     LEU	  A	     189	     40.78	      2.58	     43.35	    0.2760	     532	    157.10
     VAL	  A	     190	     15.93	      2.28	     18.21	    0.1191	     519	    152.90
     GLU	  A	     191	     24.05	     24.83	     48.88	    0.2427	     562	    201.40
     GLU	  A	     192	     17.55	     33.63	     51.18	    0.2541	     608	    201.40
     PHE	  A	     193	     15.93	      2.08	     18.01	    0.1051	     815	    171.30
     VAL	  A	     194	     18.80	      2.24	     21.04	    0.1376	     504	    152.90
     ARG	  A	     195	     41.31	     49.56	     90.87	    0.3306	     607	    274.90
     ARG	  A	     196	     15.79	     53.42	     69.21	    0.2517	     606	    274.90
     ALA	  A	     197	      8.89	      4.48	     13.37	    0.0927	     361	    144.30
     LYS	  A	     198	     29.02	     22.63	     51.64	    0.2248	     476	    229.70
     ASN	  A	     199	     20.49	     76.91	     97.40	    0.6280	     298	    155.10
     VAL	  A	     200	     39.50	     27.47	     66.98	    0.4380	     262	    152.90
