HIS	  A	       1	      1.71		      0.15
MET	  A	       2	      0.53		      0.54
PHE	  A	       3	      1.42		      1.27
VAL	  A	       4	      0.32		      0.40
LYS	  A	       5	     -0.88		     -0.84
ILE	  A	       6	      0.60		      0.54
CYS	  A	       7	      0.02		     -0.03
GLY	  A	       8	      0.10		      0.13
ILE	  A	       9	      0.20		      0.17
LYS	  A	      10	     -3.49		     -3.29
SER	  A	      11	      0.35		      0.19
LEU	  A	      12	      1.64		      1.81
GLU	  A	      13	    -11.42		    -12.74
GLU	  A	      14	     -1.10		     -1.25
LEU	  A	      15	      0.30		      0.36
GLU	  A	      16	    -11.31		    -12.42
ILE	  A	      17	      0.81		      0.78
VAL	  A	      18	      0.26		      0.34
GLU	  A	      19	     -3.61		     -3.92
LYS	  A	      20	     -4.80		     -4.73
HIS	  A	      21	      0.16		     -0.91
ALA	  A	      22	     -0.19		     -0.13
ASP	  A	      23	     -5.00		     -5.42
ALA	  A	      24	      0.11		      0.16
THR	  A	      25	      0.15		      0.04
GLY	  A	      26	     -0.04		     -0.03
VAL	  A	      27	      0.44		      0.54
VAL	  A	      28	      0.57		      0.71
VAL	  A	      29	      0.43		      0.53
ASN	  A	      30	     -2.37		     -3.37
SER	  A	      31	     -0.01		     -0.10
ASN	  A	      32	     -4.13		     -6.40
SER	  A	      33	     -0.10		     -0.24
LYS	  A	      34	     -7.48		     -7.26
ARG	  A	      35	     -1.14		     -1.96
ARG	  A	      36	     -5.69		     -6.11
ILE	  A	      37	      0.14		      0.09
PRO	  A	      38	      3.81		      3.15
LEU	  A	      39	      1.64		      1.83
GLU	  A	      40	     -4.08		     -4.75
LYS	  A	      41	     -4.14		     -3.82
ALA	  A	      42	      0.21		      0.28
ARG	  A	      43	     -3.96		     -4.21
GLU	  A	      44	     -4.99		     -5.46
ILE	  A	      45	      0.40		      0.36
ILE	  A	      46	      0.48		      0.37
GLU	  A	      47	     -9.20		    -10.01
ASN	  A	      48	     -2.53		     -3.83
SER	  A	      49	     -0.96		     -1.04
ALA	  A	      50	      0.15		      0.53
ILE	  A	      51	      0.52		      0.42
PRO	  A	      52	      1.52		      1.24
VAL	  A	      53	      0.25		      0.33
PHE	  A	      54	      0.38		      0.32
LEU	  A	      55	      0.55		      0.64
VAL	  A	      56	      0.52		      0.66
SER	  A	      57	     -0.06		     -0.10
THR	  A	      58	      0.27		     -0.06
MET	  A	      59	      0.20		      0.19
VAL	  A	      60	      1.48		      1.84
GLY	  A	      61	      0.47		      0.52
PHE	  A	      62	      2.27		      2.02
SER	  A	      63	     -0.24		     -0.56
GLU	  A	      64	     -6.02		     -6.65
TRP	  A	      65	      0.65		      0.51
ALA	  A	      66	      0.23		      0.30
MET	  A	      67	      1.41		      1.52
ALA	  A	      68	      0.26		      0.35
ILE	  A	      69	      0.45		      0.40
GLU	  A	      70	     -7.66		     -8.36
ARG	  A	      71	     -6.95		     -7.35
THR	  A	      72	     -0.18		     -0.27
GLY	  A	      73	     -0.19		     -0.13
ALA	  A	      74	     -0.26		     -0.19
GLN	  A	      75	     -3.41		     -5.72
TYR	  A	      76	     -1.18		     -1.37
ILE	  A	      77	      0.42		      0.41
GLN	  A	      78	     -0.95		     -1.64
VAL	  A	      79	      0.30		      0.39
HIS	  A	      80	      1.11		     -0.29
SER	  A	      81	     -0.25		     -0.33
ASN	  A	      82	     -3.78		     -5.95
ALA	  A	      83	      0.20		      0.29
LEU	  A	      84	      3.08		      3.66
PRO	  A	      85	      0.75		      0.58
GLN	  A	      86	     -0.42		     -2.32
THR	  A	      87	     -0.12		     -0.24
ILE	  A	      88	      0.72		      0.66
ASP	  A	      89	     -8.95		     -9.72
THR	  A	      90	      0.32		      0.01
LEU	  A	      91	      0.32		      0.37
LYS	  A	      92	     -3.50		     -3.25
LYS	  A	      93	     -5.81		     -5.53
GLU	  A	      94	     -7.34		     -8.04
PHE	  A	      95	      0.04		     -0.10
GLY	  A	      96	     -0.60		     -0.55
VAL	  A	      97	      0.13		      0.21
PHE	  A	      98	      1.52		      1.37
VAL	  A	      99	      0.36		      0.45
MET	  A	     100	      0.23		      0.25
LYS	  A	     101	     -0.78		     -0.75
ALA	  A	     102	      0.04		      0.12
PHE	  A	     103	      0.59		      0.51
ARG	  A	     104	     -8.37		     -7.15
VAL	  A	     105	      0.22		      0.33
PRO	  A	     106	      1.97		      1.58
THR	  A	     107	      0.59		     -0.13
ILE	  A	     108	      4.38		      4.15
SER	  A	     109	     -0.85		     -0.96
LYS	  A	     110	     -0.52		     -0.47
ASN	  A	     111	     -1.47		     -2.76
PRO	  A	     112	      1.75		      1.42
GLU	  A	     113	     -9.26		    -10.33
GLU	  A	     114	     -8.42		     -9.39
ASP	  A	     115	     -7.06		     -7.65
ALA	  A	     116	      0.12		      0.18
ASN	  A	     117	     -2.37		     -3.61
ARG	  A	     118	    -11.16		    -13.97
LEU	  A	     119	      0.67		      0.77
LEU	  A	     120	      0.52		      0.62
SER	  A	     121	      0.30		      0.00
GLU	  A	     122	     -6.01		     -6.62
ILE	  A	     123	      0.56		      0.48
SER	  A	     124	     -0.70		     -1.01
ARG	  A	     125	     -8.54		    -10.52
TYR	  A	     126	     -0.61		     -0.71
ASN	  A	     127	     -2.73		     -3.92
ALA	  A	     128	     -0.56		     -0.48
ASP	  A	     129	     -4.94		     -5.31
MET	  A	     130	      0.65		      0.69
VAL	  A	     131	      0.49		      0.60
LEU	  A	     132	      0.48		      0.58
LEU	  A	     133	      0.38		      0.45
ASP	  A	     134	     -4.80		     -5.25
THR	  A	     135	      0.33		     -0.15
HIS	  A	     136	     -0.86		     -0.83
ASP	  A	     137	     -3.62		     -3.97
LEU	  A	     138	      1.67		      1.90
ARG	  A	     139	     -5.82		     -6.82
VAL	  A	     140	      0.44		      0.54
SER	  A	     141	     -0.30		     -0.42
SER	  A	     142	     -0.24		     -0.31
LEU	  A	     143	      0.81		      0.97
VAL	  A	     144	      0.36		      0.45
ALA	  A	     145	     -0.26		     -0.20
ARG	  A	     146	    -13.15		    -14.59
LYS	  A	     147	    -10.78		    -10.08
ILE	  A	     148	      1.42		      1.25
PRO	  A	     149	      3.53		      2.87
VAL	  A	     150	      0.26		      0.33
ILE	  A	     151	      0.36		      0.33
VAL	  A	     152	      0.68		      0.84
ALA	  A	     153	      0.20		      0.32
GLY	  A	     154	     -0.10		     -0.03
GLY	  A	     155	      0.78		      0.91
LEU	  A	     156	      0.21		      0.29
ASN	  A	     157	     -1.05		     -2.03
ALA	  A	     158	      0.16		      0.26
GLU	  A	     159	     -9.98		    -11.08
ASN	  A	     160	     -0.40		     -1.04
VAL	  A	     161	      0.21		      0.27
GLU	  A	     162	     -7.54		     -8.29
GLU	  A	     163	     -7.99		     -9.02
VAL	  A	     164	      0.85		      1.04
ILE	  A	     165	      0.65		      0.59
LYS	  A	     166	     -3.09		     -3.03
VAL	  A	     167	      1.03		      1.33
VAL	  A	     168	      0.18		      0.26
LYS	  A	     169	     -2.72		     -2.86
PRO	  A	     170	      0.05		     -0.08
TYR	  A	     171	      0.57		      0.19
GLY	  A	     172	     -0.02		     -0.01
VAL	  A	     173	      0.40		      0.50
ASP	  A	     174	     -3.37		     -3.66
VAL	  A	     175	      0.23		      0.30
SER	  A	     176	      0.27		      0.10
SER	  A	     177	     -0.53		     -0.98
GLY	  A	     178	     -0.21		     -0.17
VAL	  A	     179	      0.26		      0.33
GLU	  A	     180	     -3.17		     -3.41
LYS	  A	     181	     -7.44		     -6.89
TYR	  A	     182	      1.74		      0.95
GLY	  A	     183	      0.08		      0.13
ILE	  A	     184	      3.28		      3.31
LYS	  A	     185	     -0.56		     -0.59
ASP	  A	     186	     -3.34		     -3.62
PRO	  A	     187	      2.66		      2.15
LYS	  A	     188	     -8.46		     -8.03
LEU	  A	     189	      1.25		      1.51
VAL	  A	     190	      0.40		      0.50
GLU	  A	     191	     -3.87		     -4.39
GLU	  A	     192	     -6.22		     -6.82
PHE	  A	     193	      0.61		      0.54
VAL	  A	     194	      0.50		      0.62
ARG	  A	     195	     -3.38		     -3.50
ARG	  A	     196	     -5.64		     -5.18
ALA	  A	     197	      0.03		      0.09
LYS	  A	     198	     -1.59		     -1.63
ASN	  A	     199	     -3.86		     -4.95
VAL	  A	     200	     -0.68		     -0.51
