Version 1.1 15-02-04-14:16

Fri Jan  1 06:44:13 2016

Cavity search begining ...
Now reading parameters from './resultCavity/aa/4aaj/4aaj_A_cavity.in' ... 
readin ./resultCavity/aa/4aaj/4aaj_A_cavity.in
readin ./default/cavitydefault.input
readin ./default/standard.input
Search Rule : Depth-Volume Limit ...
Search Mode : Whole Protein Mode ...
Now reading the protein from './resultCavity/aa/4aaj/4aaj_A.pdb' ... 
Detecting chain : A
Protein checking: 1 warning 
--> Detected uncertain atom
Now defining the box by protein ...
Now analyzing the protein ... 
Now detecting cavity in the box ...
Whole protein search need more time, please wait ...
Cavity matrix dectecting completed.
Total matrix num is 3
Rank score limit skipped 4 cavities...
Total valid cavity num is 6                        
Cavity will output 6 cavity file(s)
Cavity  has done the job successfully !

Fri Jan  1 06:46:14 2016

CAVITY finished in  120.64 seconds
